The HCMV genome (NC_006273.2) has 169 CDS.
sample	min_tpm	med_tpm	mean_tpm	max_tpm
SRR5660030	0.0	1930.38	5917.1601597633135	81683.7
SRR5660033	0.0	2271.35	5917.16084906858	126229.0
SRR5660044	0.0	1907.37	5917.161411242603	243381.0
SRR5660045	0.0	1192.68	5917.163278306375	324121.0
target_id	test_stat	pval	qval
YP_081539.1	17.4475339243151	2.95347185340701e-05	0.00334018161147232
YP_081538.1	16.2787010117521	5.46750791899326e-05	0.00334018161147232
YP_081540.1	15.6697846245894	7.54194537022777e-05	0.00334018161147232
YP_081530.1	15.3953037105048	8.72047551484372e-05	0.00334018161147232
YP_081547.1	15.0557699680041	0.00010438067535851	0.00334018161147232
YP_081577.1	14.2702689821508	0.000158346324255371	0.00367796575715184
YP_081552.1	14.2400297901113	0.000160911001875393	0.00367796575715184
YP_081489.1	13.121922007461	0.000291860462222757	0.00583720924445513
YP_081551.1	12.4246589534404	0.00042370190646761	0.00753247833720196
YP_081574.1	11.6802639661291	0.000631665706592339	0.0101066513054774
YP_081521.1	10.984900097372	0.000918572338568757	0.0122561981580435
YP_081576.1	10.9836042194436	0.000919214861853265	0.0122561981580435
YP_081490.1	10.5274433654361	0.00117614807799057	0.0144756686521916
YP_081522.1	9.91447019647585	0.00163984335634162	0.0187410669296185
YP_081613.1	8.71805599959899	0.00315073825208467	0.0336078746889032
YP_081600.1	8.47378870712367	0.00360300219377679	0.0360300219377679
YP_081520.1	8.01764649878705	0.00463237297873104	0.0411973448322958
YP_081533.1	8.01673647281592	0.00463470129363328	0.0411973448322958
YP_081601.1	7.9072030906472	0.00492383385729007	0.0414638640613901
YP_081595.1	7.5258906127529	0.00608184798707115	0.0486547838965692
sacc	pident	length	qstart	qend	sstart	send	bitscore	evalue	stitle	
NC_006273.2	100.000	201	1	201	135447	136049	414	8.66e-135	NC_006273.2 Human herpesvirus 5 strain Merlin, complete genome
NC_003521.1	95.545	202	1	201	136080	136685	399	1.09e-129	NC_003521.1 Panine herpesvirus 2 strain Heberling, complete genome
NC_012783.2	90.000	200	2	201	123700	124299	382	9.48e-124	NC_012783.2 Cercopithecine herpesvirus 5 strain 2715, complete genome
NC_027016.1	89.500	200	2	201	101390	100791	380	5.73e-123	NC_027016.1 Papio ursinus cytomegalovirus isolate OCOM4-52, complete genome
NC_055235.1	89.000	200	2	201	54634	55233	377	6.44e-122	NC_055235.1 Papiine betaherpesvirus 3, complete genome, *** SEQUENCING IN PROGRESS ***, 22 unordered pieces
NC_033176.1	90.355	197	1	197	123526	124116	375	1.92e-121	NC_033176.1 Cynomolgus cytomegalovirus isolate 31908, complete genome
NC_016154.1	90.355	197	1	197	118538	119128	375	2.86e-121	NC_016154.1 Cynomolgus macaque cytomegalovirus strain Ottawa, complete genome
NC_075417.1	88.000	200	2	201	100137	99538	375	3.50e-121	NC_075417.1 Mandrillus leucophaeus cytomegalovirus isolate OCOM6-2, complete genome
NC_006150.1	90.355	197	1	197	124796	125386	374	5.41e-121	NC_006150.1 Macacine herpesvirus 3, complete genome
NC_016447.1	71.212	198	2	199	120212	120805	305	8.25e-97	NC_016447.1 Aotine herpesvirus 1 strain S34E, complete genome